05-15 00:04:41  INFO org.springframework.web.context.ContextLoader:initWebApplicationContext:285 - Root WebApplicationContext: initialization started
05-15 00:04:41  INFO org.springframework.web.context.support.XmlWebApplicationContext:prepareRefresh:513 - Refreshing Root WebApplicationContext: startup date [Fri May 15 00:04:41 CST 2015]; root of context hierarchy
05-15 00:04:41  INFO org.springframework.beans.factory.xml.XmlBeanDefinitionReader:loadBeanDefinitions:316 - Loading XML bean definitions from ServletContext resource [/WEB-INF/spring.xml]
05-15 00:04:41  INFO org.springframework.beans.factory.xml.XmlBeanDefinitionReader:loadBeanDefinitions:316 - Loading XML bean definitions from class path resource [ice.xml]
05-15 00:04:41  INFO org.springframework.beans.factory.xml.XmlBeanDefinitionReader:loadBeanDefinitions:316 - Loading XML bean definitions from class path resource [ice-mysql.xml]
05-15 00:04:41  INFO org.springframework.beans.factory.xml.XmlBeanDefinitionReader:loadBeanDefinitions:316 - Loading XML bean definitions from class path resource [ice-db-scan.xml]
05-15 00:04:41  INFO org.springframework.beans.factory.xml.XmlBeanDefinitionReader:loadBeanDefinitions:316 - Loading XML bean definitions from class path resource [net/lw/ice/person/person-scan-hibernate.xml]
05-15 00:04:41  INFO org.springframework.beans.factory.xml.XmlBeanDefinitionReader:loadBeanDefinitions:316 - Loading XML bean definitions from class path resource [net/lw/ice/domain/ice-domain.xml]
05-15 00:04:41  INFO org.springframework.beans.factory.xml.XmlBeanDefinitionReader:loadBeanDefinitions:316 - Loading XML bean definitions from class path resource [init-data.xml]
05-15 00:04:42  INFO org.springframework.beans.factory.annotation.AutowiredAnnotationBeanPostProcessor:<init>:141 - JSR-330 'javax.inject.Inject' annotation found and supported for autowiring
05-15 00:04:42  INFO org.hibernate.annotations.common.Version:<clinit>:37 - HCANN000001: Hibernate Commons Annotations {4.0.1.Final}
05-15 00:04:42  INFO org.hibernate.Version:logVersion:41 - HHH000412: Hibernate Core {4.1.9.Final}
05-15 00:04:42  INFO org.hibernate.cfg.Environment:<clinit>:239 - HHH000206: hibernate.properties not found
05-15 00:04:42  INFO org.hibernate.cfg.Environment:buildBytecodeProvider:342 - HHH000021: Bytecode provider name : javassist
05-15 00:04:42  INFO org.hibernate.dialect.Dialect:<init>:123 - HHH000400: Using dialect: org.hibernate.dialect.MySQLDialect
05-15 00:04:42  INFO org.hibernate.engine.jdbc.internal.LobCreatorBuilder:useContextualLobCreation:94 - HHH000423: Disabling contextual LOB creation as JDBC driver reported JDBC version [3] less than 4
05-15 00:04:42  INFO org.hibernate.engine.transaction.internal.TransactionFactoryInitiator:initiateService:68 - HHH000399: Using default transaction strategy (direct JDBC transactions)
05-15 00:04:42  INFO org.hibernate.hql.internal.ast.ASTQueryTranslatorFactory:<init>:48 - HHH000397: Using ASTQueryTranslatorFactory
05-15 00:04:43  INFO org.springframework.orm.hibernate4.HibernateTransactionManager:afterPropertiesSet:341 - Using DataSource [org.apache.commons.dbcp.BasicDataSource@4788f3] of Hibernate SessionFactory for HibernateTransactionManager
05-15 00:04:43  INFO org.springframework.web.context.ContextLoader:initWebApplicationContext:325 - Root WebApplicationContext: initialization completed in 2022 ms
05-15 00:04:43  INFO org.springframework.web.servlet.DispatcherServlet:initServletBean:479 - FrameworkServlet 'springmvc': initialization started
05-15 00:04:43  INFO org.springframework.web.context.support.XmlWebApplicationContext:prepareRefresh:513 - Refreshing WebApplicationContext for namespace 'springmvc-servlet': startup date [Fri May 15 00:04:43 CST 2015]; parent: Root WebApplicationContext
05-15 00:04:43  INFO org.springframework.beans.factory.xml.XmlBeanDefinitionReader:loadBeanDefinitions:316 - Loading XML bean definitions from ServletContext resource [/WEB-INF/springmvc-servlet.xml]
05-15 00:04:43  INFO org.springframework.beans.factory.annotation.AutowiredAnnotationBeanPostProcessor:<init>:141 - JSR-330 'javax.inject.Inject' annotation found and supported for autowiring
05-15 00:04:43  INFO org.springframework.web.servlet.mvc.annotation.DefaultAnnotationHandlerMapping:registerHandler:315 - Mapped URL path [/login/check] onto handler 'loginController'
05-15 00:04:43  INFO org.springframework.web.servlet.mvc.annotation.DefaultAnnotationHandlerMapping:registerHandler:315 - Mapped URL path [/login/check.*] onto handler 'loginController'
05-15 00:04:43  INFO org.springframework.web.servlet.mvc.annotation.DefaultAnnotationHandlerMapping:registerHandler:315 - Mapped URL path [/login/check/] onto handler 'loginController'
05-15 00:04:43  INFO org.springframework.web.servlet.mvc.annotation.DefaultAnnotationHandlerMapping:registerHandler:315 - Mapped URL path [/login] onto handler 'loginController'
05-15 00:04:43  INFO org.springframework.web.servlet.mvc.annotation.DefaultAnnotationHandlerMapping:registerHandler:315 - Mapped URL path [/login.*] onto handler 'loginController'
05-15 00:04:43  INFO org.springframework.web.servlet.mvc.annotation.DefaultAnnotationHandlerMapping:registerHandler:315 - Mapped URL path [/login/] onto handler 'loginController'
05-15 00:04:43  INFO org.springframework.web.servlet.mvc.annotation.DefaultAnnotationHandlerMapping:registerHandler:315 - Mapped URL path [/logout] onto handler 'logoutController'
05-15 00:04:43  INFO org.springframework.web.servlet.mvc.annotation.DefaultAnnotationHandlerMapping:registerHandler:315 - Mapped URL path [/logout.*] onto handler 'logoutController'
05-15 00:04:43  INFO org.springframework.web.servlet.mvc.annotation.DefaultAnnotationHandlerMapping:registerHandler:315 - Mapped URL path [/logout/] onto handler 'logoutController'
05-15 00:04:43  INFO org.springframework.web.servlet.mvc.annotation.DefaultAnnotationHandlerMapping:registerHandler:315 - Mapped URL path [/org/{id}] onto handler 'orgController'
05-15 00:04:43  INFO org.springframework.web.servlet.mvc.annotation.DefaultAnnotationHandlerMapping:registerHandler:315 - Mapped URL path [/org/{id}.*] onto handler 'orgController'
05-15 00:04:43  INFO org.springframework.web.servlet.mvc.annotation.DefaultAnnotationHandlerMapping:registerHandler:315 - Mapped URL path [/org/{id}/] onto handler 'orgController'
05-15 00:04:43  INFO org.springframework.web.servlet.mvc.annotation.DefaultAnnotationHandlerMapping:registerHandler:315 - Mapped URL path [/org/orgTree] onto handler 'orgController'
05-15 00:04:43  INFO org.springframework.web.servlet.mvc.annotation.DefaultAnnotationHandlerMapping:registerHandler:315 - Mapped URL path [/org/orgTree.*] onto handler 'orgController'
05-15 00:04:43  INFO org.springframework.web.servlet.mvc.annotation.DefaultAnnotationHandlerMapping:registerHandler:315 - Mapped URL path [/org/orgTree/] onto handler 'orgController'
05-15 00:04:43  INFO org.springframework.web.servlet.mvc.annotation.DefaultAnnotationHandlerMapping:registerHandler:315 - Mapped URL path [/org] onto handler 'orgController'
05-15 00:04:43  INFO org.springframework.web.servlet.mvc.annotation.DefaultAnnotationHandlerMapping:registerHandler:315 - Mapped URL path [/org.*] onto handler 'orgController'
05-15 00:04:43  INFO org.springframework.web.servlet.mvc.annotation.DefaultAnnotationHandlerMapping:registerHandler:315 - Mapped URL path [/org/] onto handler 'orgController'
05-15 00:04:43  INFO org.springframework.web.servlet.mvc.annotation.DefaultAnnotationHandlerMapping:registerHandler:315 - Mapped URL path [/person] onto handler 'personController'
05-15 00:04:43  INFO org.springframework.web.servlet.mvc.annotation.DefaultAnnotationHandlerMapping:registerHandler:315 - Mapped URL path [/person.*] onto handler 'personController'
05-15 00:04:43  INFO org.springframework.web.servlet.mvc.annotation.DefaultAnnotationHandlerMapping:registerHandler:315 - Mapped URL path [/person/] onto handler 'personController'
05-15 00:04:43  INFO org.springframework.web.servlet.mvc.annotation.DefaultAnnotationHandlerMapping:registerHandler:315 - Mapped URL path [/user/{id}] onto handler 'userController'
05-15 00:04:43  INFO org.springframework.web.servlet.mvc.annotation.DefaultAnnotationHandlerMapping:registerHandler:315 - Mapped URL path [/user/{id}.*] onto handler 'userController'
05-15 00:04:43  INFO org.springframework.web.servlet.mvc.annotation.DefaultAnnotationHandlerMapping:registerHandler:315 - Mapped URL path [/user/{id}/] onto handler 'userController'
05-15 00:04:43  INFO org.springframework.web.servlet.mvc.annotation.DefaultAnnotationHandlerMapping:registerHandler:315 - Mapped URL path [/user] onto handler 'userController'
05-15 00:04:43  INFO org.springframework.web.servlet.mvc.annotation.DefaultAnnotationHandlerMapping:registerHandler:315 - Mapped URL path [/user.*] onto handler 'userController'
05-15 00:04:43  INFO org.springframework.web.servlet.mvc.annotation.DefaultAnnotationHandlerMapping:registerHandler:315 - Mapped URL path [/user/] onto handler 'userController'
05-15 00:04:43  INFO org.springframework.web.servlet.DispatcherServlet:initServletBean:498 - FrameworkServlet 'springmvc': initialization completed in 148 ms
05-15 00:05:07  WARN org.hibernate.hql.internal.ast.HqlSqlWalker:generatePositionalParameter:929 - [DEPRECATION] Encountered positional parameter near line 1, column 59.  Positional parameter are considered deprecated; use named parameters or JPA-style positional parameters instead.
05-15 00:10:17  INFO org.springframework.web.context.support.XmlWebApplicationContext:doClose:873 - Closing WebApplicationContext for namespace 'springmvc-servlet': startup date [Fri May 15 00:04:43 CST 2015]; parent: Root WebApplicationContext
05-15 00:10:17  INFO org.springframework.web.context.support.XmlWebApplicationContext:doClose:873 - Closing Root WebApplicationContext: startup date [Fri May 15 00:04:41 CST 2015]; root of context hierarchy
05-15 00:10:33  INFO org.springframework.web.context.ContextLoader:initWebApplicationContext:285 - Root WebApplicationContext: initialization started
05-15 00:10:33  INFO org.springframework.web.context.support.XmlWebApplicationContext:prepareRefresh:513 - Refreshing Root WebApplicationContext: startup date [Fri May 15 00:10:33 CST 2015]; root of context hierarchy
05-15 00:10:33  INFO org.springframework.beans.factory.xml.XmlBeanDefinitionReader:loadBeanDefinitions:316 - Loading XML bean definitions from ServletContext resource [/WEB-INF/spring.xml]
05-15 00:10:33  INFO org.springframework.beans.factory.xml.XmlBeanDefinitionReader:loadBeanDefinitions:316 - Loading XML bean definitions from class path resource [ice.xml]
05-15 00:10:33  INFO org.springframework.beans.factory.xml.XmlBeanDefinitionReader:loadBeanDefinitions:316 - Loading XML bean definitions from class path resource [ice-mysql.xml]
05-15 00:10:33  INFO org.springframework.beans.factory.xml.XmlBeanDefinitionReader:loadBeanDefinitions:316 - Loading XML bean definitions from class path resource [ice-db-scan.xml]
05-15 00:10:33  INFO org.springframework.beans.factory.xml.XmlBeanDefinitionReader:loadBeanDefinitions:316 - Loading XML bean definitions from class path resource [net/lw/ice/person/person-scan-hibernate.xml]
05-15 00:10:33  INFO org.springframework.beans.factory.xml.XmlBeanDefinitionReader:loadBeanDefinitions:316 - Loading XML bean definitions from class path resource [net/lw/ice/domain/ice-domain.xml]
05-15 00:10:33  INFO org.springframework.beans.factory.xml.XmlBeanDefinitionReader:loadBeanDefinitions:316 - Loading XML bean definitions from class path resource [init-data.xml]
05-15 00:10:33  INFO org.springframework.beans.factory.annotation.AutowiredAnnotationBeanPostProcessor:<init>:141 - JSR-330 'javax.inject.Inject' annotation found and supported for autowiring
05-15 00:10:33  INFO org.hibernate.annotations.common.Version:<clinit>:37 - HCANN000001: Hibernate Commons Annotations {4.0.1.Final}
05-15 00:10:33  INFO org.hibernate.Version:logVersion:41 - HHH000412: Hibernate Core {4.1.9.Final}
05-15 00:10:33  INFO org.hibernate.cfg.Environment:<clinit>:239 - HHH000206: hibernate.properties not found
05-15 00:10:33  INFO org.hibernate.cfg.Environment:buildBytecodeProvider:342 - HHH000021: Bytecode provider name : javassist
05-15 00:10:34  INFO org.hibernate.dialect.Dialect:<init>:123 - HHH000400: Using dialect: org.hibernate.dialect.MySQLDialect
05-15 00:10:34  INFO org.hibernate.engine.jdbc.internal.LobCreatorBuilder:useContextualLobCreation:94 - HHH000423: Disabling contextual LOB creation as JDBC driver reported JDBC version [3] less than 4
05-15 00:10:34  INFO org.hibernate.engine.transaction.internal.TransactionFactoryInitiator:initiateService:68 - HHH000399: Using default transaction strategy (direct JDBC transactions)
05-15 00:10:34  INFO org.hibernate.hql.internal.ast.ASTQueryTranslatorFactory:<init>:48 - HHH000397: Using ASTQueryTranslatorFactory
05-15 00:10:34  INFO org.springframework.orm.hibernate4.HibernateTransactionManager:afterPropertiesSet:341 - Using DataSource [org.apache.commons.dbcp.BasicDataSource@12688e8] of Hibernate SessionFactory for HibernateTransactionManager
05-15 00:10:35  INFO org.springframework.web.context.ContextLoader:initWebApplicationContext:325 - Root WebApplicationContext: initialization completed in 1921 ms
05-15 00:10:35  INFO org.springframework.web.servlet.DispatcherServlet:initServletBean:479 - FrameworkServlet 'springmvc': initialization started
05-15 00:10:35  INFO org.springframework.web.context.support.XmlWebApplicationContext:prepareRefresh:513 - Refreshing WebApplicationContext for namespace 'springmvc-servlet': startup date [Fri May 15 00:10:35 CST 2015]; parent: Root WebApplicationContext
05-15 00:10:35  INFO org.springframework.beans.factory.xml.XmlBeanDefinitionReader:loadBeanDefinitions:316 - Loading XML bean definitions from ServletContext resource [/WEB-INF/springmvc-servlet.xml]
05-15 00:10:35  INFO org.springframework.beans.factory.annotation.AutowiredAnnotationBeanPostProcessor:<init>:141 - JSR-330 'javax.inject.Inject' annotation found and supported for autowiring
05-15 00:10:35  INFO org.springframework.web.servlet.mvc.annotation.DefaultAnnotationHandlerMapping:registerHandler:315 - Mapped URL path [/login/check] onto handler 'loginController'
05-15 00:10:35  INFO org.springframework.web.servlet.mvc.annotation.DefaultAnnotationHandlerMapping:registerHandler:315 - Mapped URL path [/login/check.*] onto handler 'loginController'
05-15 00:10:35  INFO org.springframework.web.servlet.mvc.annotation.DefaultAnnotationHandlerMapping:registerHandler:315 - Mapped URL path [/login/check/] onto handler 'loginController'
05-15 00:10:35  INFO org.springframework.web.servlet.mvc.annotation.DefaultAnnotationHandlerMapping:registerHandler:315 - Mapped URL path [/login] onto handler 'loginController'
05-15 00:10:35  INFO org.springframework.web.servlet.mvc.annotation.DefaultAnnotationHandlerMapping:registerHandler:315 - Mapped URL path [/login.*] onto handler 'loginController'
05-15 00:10:35  INFO org.springframework.web.servlet.mvc.annotation.DefaultAnnotationHandlerMapping:registerHandler:315 - Mapped URL path [/login/] onto handler 'loginController'
05-15 00:10:35  INFO org.springframework.web.servlet.mvc.annotation.DefaultAnnotationHandlerMapping:registerHandler:315 - Mapped URL path [/logout] onto handler 'logoutController'
05-15 00:10:35  INFO org.springframework.web.servlet.mvc.annotation.DefaultAnnotationHandlerMapping:registerHandler:315 - Mapped URL path [/logout.*] onto handler 'logoutController'
05-15 00:10:35  INFO org.springframework.web.servlet.mvc.annotation.DefaultAnnotationHandlerMapping:registerHandler:315 - Mapped URL path [/logout/] onto handler 'logoutController'
05-15 00:10:35  INFO org.springframework.web.servlet.mvc.annotation.DefaultAnnotationHandlerMapping:registerHandler:315 - Mapped URL path [/org/{id}] onto handler 'orgController'
05-15 00:10:35  INFO org.springframework.web.servlet.mvc.annotation.DefaultAnnotationHandlerMapping:registerHandler:315 - Mapped URL path [/org/{id}.*] onto handler 'orgController'
05-15 00:10:35  INFO org.springframework.web.servlet.mvc.annotation.DefaultAnnotationHandlerMapping:registerHandler:315 - Mapped URL path [/org/{id}/] onto handler 'orgController'
05-15 00:10:35  INFO org.springframework.web.servlet.mvc.annotation.DefaultAnnotationHandlerMapping:registerHandler:315 - Mapped URL path [/org/orgTree] onto handler 'orgController'
05-15 00:10:35  INFO org.springframework.web.servlet.mvc.annotation.DefaultAnnotationHandlerMapping:registerHandler:315 - Mapped URL path [/org/orgTree.*] onto handler 'orgController'
05-15 00:10:35  INFO org.springframework.web.servlet.mvc.annotation.DefaultAnnotationHandlerMapping:registerHandler:315 - Mapped URL path [/org/orgTree/] onto handler 'orgController'
05-15 00:10:35  INFO org.springframework.web.servlet.mvc.annotation.DefaultAnnotationHandlerMapping:registerHandler:315 - Mapped URL path [/org] onto handler 'orgController'
05-15 00:10:35  INFO org.springframework.web.servlet.mvc.annotation.DefaultAnnotationHandlerMapping:registerHandler:315 - Mapped URL path [/org.*] onto handler 'orgController'
05-15 00:10:35  INFO org.springframework.web.servlet.mvc.annotation.DefaultAnnotationHandlerMapping:registerHandler:315 - Mapped URL path [/org/] onto handler 'orgController'
05-15 00:10:35  INFO org.springframework.web.servlet.mvc.annotation.DefaultAnnotationHandlerMapping:registerHandler:315 - Mapped URL path [/person] onto handler 'personController'
05-15 00:10:35  INFO org.springframework.web.servlet.mvc.annotation.DefaultAnnotationHandlerMapping:registerHandler:315 - Mapped URL path [/person.*] onto handler 'personController'
05-15 00:10:35  INFO org.springframework.web.servlet.mvc.annotation.DefaultAnnotationHandlerMapping:registerHandler:315 - Mapped URL path [/person/] onto handler 'personController'
05-15 00:10:35  INFO org.springframework.web.servlet.mvc.annotation.DefaultAnnotationHandlerMapping:registerHandler:315 - Mapped URL path [/user/{id}] onto handler 'userController'
05-15 00:10:35  INFO org.springframework.web.servlet.mvc.annotation.DefaultAnnotationHandlerMapping:registerHandler:315 - Mapped URL path [/user/{id}.*] onto handler 'userController'
05-15 00:10:35  INFO org.springframework.web.servlet.mvc.annotation.DefaultAnnotationHandlerMapping:registerHandler:315 - Mapped URL path [/user/{id}/] onto handler 'userController'
05-15 00:10:35  INFO org.springframework.web.servlet.mvc.annotation.DefaultAnnotationHandlerMapping:registerHandler:315 - Mapped URL path [/user] onto handler 'userController'
05-15 00:10:35  INFO org.springframework.web.servlet.mvc.annotation.DefaultAnnotationHandlerMapping:registerHandler:315 - Mapped URL path [/user.*] onto handler 'userController'
05-15 00:10:35  INFO org.springframework.web.servlet.mvc.annotation.DefaultAnnotationHandlerMapping:registerHandler:315 - Mapped URL path [/user/] onto handler 'userController'
05-15 00:10:35  INFO org.springframework.web.servlet.DispatcherServlet:initServletBean:498 - FrameworkServlet 'springmvc': initialization completed in 131 ms
05-15 00:10:41  WARN org.hibernate.hql.internal.ast.HqlSqlWalker:generatePositionalParameter:929 - [DEPRECATION] Encountered positional parameter near line 1, column 83.  Positional parameter are considered deprecated; use named parameters or JPA-style positional parameters instead.
05-15 00:10:41  WARN org.hibernate.hql.internal.ast.HqlSqlWalker:generatePositionalParameter:929 - [DEPRECATION] Encountered positional parameter near line 1, column 75.  Positional parameter are considered deprecated; use named parameters or JPA-style positional parameters instead.
05-15 00:10:56  WARN org.hibernate.hql.internal.ast.HqlSqlWalker:generatePositionalParameter:929 - [DEPRECATION] Encountered positional parameter near line 1, column 59.  Positional parameter are considered deprecated; use named parameters or JPA-style positional parameters instead.
05-15 00:14:40  INFO org.springframework.web.context.support.XmlWebApplicationContext:doClose:873 - Closing WebApplicationContext for namespace 'springmvc-servlet': startup date [Fri May 15 00:10:35 CST 2015]; parent: Root WebApplicationContext
05-15 00:14:40  INFO org.springframework.web.context.support.XmlWebApplicationContext:doClose:873 - Closing Root WebApplicationContext: startup date [Fri May 15 00:10:33 CST 2015]; root of context hierarchy
05-15 00:31:38  INFO org.springframework.web.context.ContextLoader:initWebApplicationContext:285 - Root WebApplicationContext: initialization started
05-15 00:31:38  INFO org.springframework.web.context.support.XmlWebApplicationContext:prepareRefresh:513 - Refreshing Root WebApplicationContext: startup date [Fri May 15 00:31:38 CST 2015]; root of context hierarchy
05-15 00:31:38  INFO org.springframework.beans.factory.xml.XmlBeanDefinitionReader:loadBeanDefinitions:316 - Loading XML bean definitions from ServletContext resource [/WEB-INF/spring.xml]
05-15 00:31:38  INFO org.springframework.beans.factory.xml.XmlBeanDefinitionReader:loadBeanDefinitions:316 - Loading XML bean definitions from class path resource [ice.xml]
05-15 00:31:38  INFO org.springframework.beans.factory.xml.XmlBeanDefinitionReader:loadBeanDefinitions:316 - Loading XML bean definitions from class path resource [ice-mysql.xml]
05-15 00:31:38  INFO org.springframework.beans.factory.xml.XmlBeanDefinitionReader:loadBeanDefinitions:316 - Loading XML bean definitions from class path resource [ice-db-scan.xml]
05-15 00:31:38  INFO org.springframework.beans.factory.xml.XmlBeanDefinitionReader:loadBeanDefinitions:316 - Loading XML bean definitions from class path resource [net/lw/ice/person/person-scan-hibernate.xml]
05-15 00:31:38  INFO org.springframework.beans.factory.xml.XmlBeanDefinitionReader:loadBeanDefinitions:316 - Loading XML bean definitions from class path resource [net/lw/ice/domain/ice-domain.xml]
05-15 00:31:38  INFO org.springframework.beans.factory.xml.XmlBeanDefinitionReader:loadBeanDefinitions:316 - Loading XML bean definitions from class path resource [init-data.xml]
05-15 00:31:38  INFO org.springframework.beans.factory.annotation.AutowiredAnnotationBeanPostProcessor:<init>:141 - JSR-330 'javax.inject.Inject' annotation found and supported for autowiring
05-15 00:31:38  INFO org.hibernate.annotations.common.Version:<clinit>:37 - HCANN000001: Hibernate Commons Annotations {4.0.1.Final}
05-15 00:31:38  INFO org.hibernate.Version:logVersion:41 - HHH000412: Hibernate Core {4.1.9.Final}
05-15 00:31:38  INFO org.hibernate.cfg.Environment:<clinit>:239 - HHH000206: hibernate.properties not found
05-15 00:31:38  INFO org.hibernate.cfg.Environment:buildBytecodeProvider:342 - HHH000021: Bytecode provider name : javassist
05-15 00:31:39  INFO org.hibernate.dialect.Dialect:<init>:123 - HHH000400: Using dialect: org.hibernate.dialect.MySQLDialect
05-15 00:31:39  INFO org.hibernate.engine.jdbc.internal.LobCreatorBuilder:useContextualLobCreation:94 - HHH000423: Disabling contextual LOB creation as JDBC driver reported JDBC version [3] less than 4
05-15 00:31:39  INFO org.hibernate.engine.transaction.internal.TransactionFactoryInitiator:initiateService:68 - HHH000399: Using default transaction strategy (direct JDBC transactions)
05-15 00:31:39  INFO org.hibernate.hql.internal.ast.ASTQueryTranslatorFactory:<init>:48 - HHH000397: Using ASTQueryTranslatorFactory
05-15 00:31:39  INFO org.springframework.orm.hibernate4.HibernateTransactionManager:afterPropertiesSet:341 - Using DataSource [org.apache.commons.dbcp.BasicDataSource@11eaf4e] of Hibernate SessionFactory for HibernateTransactionManager
05-15 00:31:40  WARN org.hibernate.engine.jdbc.spi.SqlExceptionHelper:logExceptions:143 - SQL Error: 1054, SQLState: 42S22
05-15 00:31:40 ERROR org.hibernate.engine.jdbc.spi.SqlExceptionHelper:logExceptions:144 - Unknown column 'CODE' in 'field list'
05-15 00:31:40 ERROR org.springframework.web.context.ContextLoader:initWebApplicationContext:331 - Context initialization failed
org.springframework.beans.factory.BeanCreationException: Error creating bean with name 'net.lw.ice.web.init.IceInit#0' defined in class path resource [init-data.xml]: Invocation of init method failed; nested exception is org.hibernate.exception.SQLGrammarException: Unknown column 'CODE' in 'field list'
	at org.springframework.beans.factory.support.AbstractAutowireCapableBeanFactory.initializeBean(AbstractAutowireCapableBeanFactory.java:1553)
	at org.springframework.beans.factory.support.AbstractAutowireCapableBeanFactory.doCreateBean(AbstractAutowireCapableBeanFactory.java:539)
	at org.springframework.beans.factory.support.AbstractAutowireCapableBeanFactory.createBean(AbstractAutowireCapableBeanFactory.java:475)
	at org.springframework.beans.factory.support.AbstractBeanFactory$1.getObject(AbstractBeanFactory.java:304)
	at org.springframework.beans.factory.support.DefaultSingletonBeanRegistry.getSingleton(DefaultSingletonBeanRegistry.java:228)
	at org.springframework.beans.factory.support.AbstractBeanFactory.doGetBean(AbstractBeanFactory.java:300)
	at org.springframework.beans.factory.support.AbstractBeanFactory.getBean(AbstractBeanFactory.java:195)
	at org.springframework.beans.factory.support.DefaultListableBeanFactory.preInstantiateSingletons(DefaultListableBeanFactory.java:700)
	at org.springframework.context.support.AbstractApplicationContext.finishBeanFactoryInitialization(AbstractApplicationContext.java:760)
	at org.springframework.context.support.AbstractApplicationContext.refresh(AbstractApplicationContext.java:482)
	at org.springframework.web.context.ContextLoader.configureAndRefreshWebApplicationContext(ContextLoader.java:403)
	at org.springframework.web.context.ContextLoader.initWebApplicationContext(ContextLoader.java:306)
	at org.springframework.web.context.ContextLoaderListener.contextInitialized(ContextLoaderListener.java:106)
	at org.eclipse.jetty.server.handler.ContextHandler.callContextInitialized(ContextHandler.java:766)
	at org.eclipse.jetty.servlet.ServletContextHandler.callContextInitialized(ServletContextHandler.java:406)
	at org.eclipse.jetty.server.handler.ContextHandler.startContext(ContextHandler.java:758)
	at org.eclipse.jetty.servlet.ServletContextHandler.startContext(ServletContextHandler.java:242)
	at org.eclipse.jetty.webapp.WebAppContext.startContext(WebAppContext.java:1233)
	at org.eclipse.jetty.server.handler.ContextHandler.doStart(ContextHandler.java:701)
	at org.eclipse.jetty.webapp.WebAppContext.doStart(WebAppContext.java:475)
	at org.mortbay.jetty.plugin.JettyWebAppContext.doStart(JettyWebAppContext.java:256)
	at org.eclipse.jetty.util.component.AbstractLifeCycle.start(AbstractLifeCycle.java:59)
	at org.eclipse.jetty.server.handler.HandlerCollection.doStart(HandlerCollection.java:224)
	at org.eclipse.jetty.server.handler.ContextHandlerCollection.doStart(ContextHandlerCollection.java:167)
	at org.eclipse.jetty.util.component.AbstractLifeCycle.start(AbstractLifeCycle.java:59)
	at org.eclipse.jetty.server.handler.HandlerCollection.doStart(HandlerCollection.java:224)
	at org.eclipse.jetty.util.component.AbstractLifeCycle.start(AbstractLifeCycle.java:59)
	at org.eclipse.jetty.server.handler.HandlerWrapper.doStart(HandlerWrapper.java:90)
	at org.eclipse.jetty.server.Server.doStart(Server.java:272)
	at org.mortbay.jetty.plugin.JettyServer.doStart(JettyServer.java:65)
	at org.eclipse.jetty.util.component.AbstractLifeCycle.start(AbstractLifeCycle.java:59)
	at org.mortbay.jetty.plugin.AbstractJettyMojo.startJetty(AbstractJettyMojo.java:511)
	at org.mortbay.jetty.plugin.AbstractJettyMojo.execute(AbstractJettyMojo.java:364)
	at org.mortbay.jetty.plugin.JettyRunMojo.execute(JettyRunMojo.java:516)
	at org.apache.maven.plugin.DefaultBuildPluginManager.executeMojo(DefaultBuildPluginManager.java:101)
	at org.apache.maven.lifecycle.internal.MojoExecutor.execute(MojoExecutor.java:209)
	at org.apache.maven.lifecycle.internal.MojoExecutor.execute(MojoExecutor.java:153)
	at org.apache.maven.lifecycle.internal.MojoExecutor.execute(MojoExecutor.java:145)
	at org.apache.maven.lifecycle.internal.LifecycleModuleBuilder.buildProject(LifecycleModuleBuilder.java:84)
	at org.apache.maven.lifecycle.internal.LifecycleModuleBuilder.buildProject(LifecycleModuleBuilder.java:59)
	at org.apache.maven.lifecycle.internal.LifecycleStarter.singleThreadedBuild(LifecycleStarter.java:183)
	at org.apache.maven.lifecycle.internal.LifecycleStarter.execute(LifecycleStarter.java:161)
	at org.apache.maven.DefaultMaven.doExecute(DefaultMaven.java:319)
	at org.apache.maven.DefaultMaven.execute(DefaultMaven.java:156)
	at org.apache.maven.cli.MavenCli.execute(MavenCli.java:537)
	at org.apache.maven.cli.MavenCli.doMain(MavenCli.java:196)
	at org.apache.maven.cli.MavenCli.main(MavenCli.java:141)
	at sun.reflect.NativeMethodAccessorImpl.invoke0(Native Method)
	at sun.reflect.NativeMethodAccessorImpl.invoke(NativeMethodAccessorImpl.java:39)
	at sun.reflect.DelegatingMethodAccessorImpl.invoke(DelegatingMethodAccessorImpl.java:25)
	at java.lang.reflect.Method.invoke(Method.java:597)
	at org.codehaus.plexus.classworlds.launcher.Launcher.launchEnhanced(Launcher.java:290)
	at org.codehaus.plexus.classworlds.launcher.Launcher.launch(Launcher.java:230)
	at org.codehaus.plexus.classworlds.launcher.Launcher.mainWithExitCode(Launcher.java:409)
	at org.codehaus.plexus.classworlds.launcher.Launcher.main(Launcher.java:352)
Caused by: org.hibernate.exception.SQLGrammarException: Unknown column 'CODE' in 'field list'
	at org.hibernate.exception.internal.SQLExceptionTypeDelegate.convert(SQLExceptionTypeDelegate.java:82)
	at org.hibernate.exception.internal.StandardSQLExceptionConverter.convert(StandardSQLExceptionConverter.java:49)
	at org.hibernate.engine.jdbc.spi.SqlExceptionHelper.convert(SqlExceptionHelper.java:125)
	at org.hibernate.engine.jdbc.spi.SqlExceptionHelper.convert(SqlExceptionHelper.java:110)
	at org.hibernate.engine.jdbc.internal.proxy.AbstractStatementProxyHandler.continueInvocation(AbstractStatementProxyHandler.java:129)
	at org.hibernate.engine.jdbc.internal.proxy.AbstractProxyHandler.invoke(AbstractProxyHandler.java:81)
	at $Proxy38.executeUpdate(Unknown Source)
	at org.hibernate.id.IdentityGenerator$GetGeneratedKeysDelegate.executeAndExtract(IdentityGenerator.java:96)
	at org.hibernate.id.insert.AbstractReturningDelegate.performInsert(AbstractReturningDelegate.java:58)
	at org.hibernate.persister.entity.AbstractEntityPersister.insert(AbstractEntityPersister.java:2936)
	at org.hibernate.persister.entity.AbstractEntityPersister.insert(AbstractEntityPersister.java:3447)
	at org.hibernate.action.internal.EntityIdentityInsertAction.execute(EntityIdentityInsertAction.java:81)
	at org.hibernate.engine.spi.ActionQueue.execute(ActionQueue.java:362)
	at org.hibernate.engine.spi.ActionQueue.addResolvedEntityInsertAction(ActionQueue.java:203)
	at org.hibernate.engine.spi.ActionQueue.addInsertAction(ActionQueue.java:183)
	at org.hibernate.engine.spi.ActionQueue.addAction(ActionQueue.java:167)
	at org.hibernate.event.internal.AbstractSaveEventListener.addInsertAction(AbstractSaveEventListener.java:320)
	at org.hibernate.event.internal.AbstractSaveEventListener.performSaveOrReplicate(AbstractSaveEventListener.java:287)
	at org.hibernate.event.internal.AbstractSaveEventListener.performSave(AbstractSaveEventListener.java:193)
	at org.hibernate.event.internal.AbstractSaveEventListener.saveWithGeneratedId(AbstractSaveEventListener.java:126)
	at org.hibernate.event.internal.DefaultSaveOrUpdateEventListener.saveWithGeneratedOrRequestedId(DefaultSaveOrUpdateEventListener.java:204)
	at org.hibernate.event.internal.DefaultSaveEventListener.saveWithGeneratedOrRequestedId(DefaultSaveEventListener.java:55)
	at org.hibernate.event.internal.DefaultSaveOrUpdateEventListener.entityIsTransient(DefaultSaveOrUpdateEventListener.java:189)
	at org.hibernate.event.internal.DefaultSaveEventListener.performSaveOrUpdate(DefaultSaveEventListener.java:49)
	at org.hibernate.event.internal.DefaultSaveOrUpdateEventListener.onSaveOrUpdate(DefaultSaveOrUpdateEventListener.java:90)
	at org.hibernate.internal.SessionImpl.fireSave(SessionImpl.java:756)
	at org.hibernate.internal.SessionImpl.save(SessionImpl.java:748)
	at org.hibernate.internal.SessionImpl.save(SessionImpl.java:744)
	at net.lw.ice.domain.dao.Hibernate4Dao.save(Hibernate4Dao.java:52)
	at net.lw.ice.person.service.db.PersonService.add(PersonService.java:28)
	at net.lw.ice.person.service.db.PersonService$$FastClassByCGLIB$$ec8b05cd.invoke(<generated>)
	at org.springframework.cglib.proxy.MethodProxy.invoke(MethodProxy.java:204)
	at org.springframework.aop.framework.CglibAopProxy$CglibMethodInvocation.invokeJoinpoint(CglibAopProxy.java:710)
	at org.springframework.aop.framework.ReflectiveMethodInvocation.proceed(ReflectiveMethodInvocation.java:157)
	at org.springframework.transaction.interceptor.TransactionInterceptor$1.proceedWithInvocation(TransactionInterceptor.java:98)
	at org.springframework.transaction.interceptor.TransactionAspectSupport.invokeWithinTransaction(TransactionAspectSupport.java:262)
	at org.springframework.transaction.interceptor.TransactionInterceptor.invoke(TransactionInterceptor.java:95)
	at org.springframework.aop.framework.ReflectiveMethodInvocation.proceed(ReflectiveMethodInvocation.java:179)
	at org.springframework.aop.framework.CglibAopProxy$DynamicAdvisedInterceptor.intercept(CglibAopProxy.java:643)
	at net.lw.ice.person.service.db.PersonService$$EnhancerByCGLIB$$4cf007eb.add(<generated>)
	at net.lw.ice.web.init.IceInit.initUser(IceInit.java:66)
	at net.lw.ice.web.init.IceInit.init(IceInit.java:25)
	at sun.reflect.NativeMethodAccessorImpl.invoke0(Native Method)
	at sun.reflect.NativeMethodAccessorImpl.invoke(NativeMethodAccessorImpl.java:39)
	at sun.reflect.DelegatingMethodAccessorImpl.invoke(DelegatingMethodAccessorImpl.java:25)
	at java.lang.reflect.Method.invoke(Method.java:597)
	at org.springframework.beans.factory.support.AbstractAutowireCapableBeanFactory.invokeCustomInitMethod(AbstractAutowireCapableBeanFactory.java:1681)
	at org.springframework.beans.factory.support.AbstractAutowireCapableBeanFactory.invokeInitMethods(AbstractAutowireCapableBeanFactory.java:1620)
	at org.springframework.beans.factory.support.AbstractAutowireCapableBeanFactory.initializeBean(AbstractAutowireCapableBeanFactory.java:1549)
	... 54 more
Caused by: com.mysql.jdbc.exceptions.jdbc4.MySQLSyntaxErrorException: Unknown column 'CODE' in 'field list'
	at sun.reflect.NativeConstructorAccessorImpl.newInstance0(Native Method)
	at sun.reflect.NativeConstructorAccessorImpl.newInstance(NativeConstructorAccessorImpl.java:39)
	at sun.reflect.DelegatingConstructorAccessorImpl.newInstance(DelegatingConstructorAccessorImpl.java:27)
	at java.lang.reflect.Constructor.newInstance(Constructor.java:513)
	at com.mysql.jdbc.Util.handleNewInstance(Util.java:406)
	at com.mysql.jdbc.Util.getInstance(Util.java:381)
	at com.mysql.jdbc.SQLError.createSQLException(SQLError.java:1030)
	at com.mysql.jdbc.SQLError.createSQLException(SQLError.java:956)
	at com.mysql.jdbc.MysqlIO.checkErrorPacket(MysqlIO.java:3536)
	at com.mysql.jdbc.MysqlIO.checkErrorPacket(MysqlIO.java:3468)
	at com.mysql.jdbc.MysqlIO.sendCommand(MysqlIO.java:1957)
	at com.mysql.jdbc.MysqlIO.sqlQueryDirect(MysqlIO.java:2107)
	at com.mysql.jdbc.ConnectionImpl.execSQL(ConnectionImpl.java:2648)
	at com.mysql.jdbc.PreparedStatement.executeInternal(PreparedStatement.java:2086)
	at com.mysql.jdbc.PreparedStatement.executeUpdate(PreparedStatement.java:2371)
	at com.mysql.jdbc.PreparedStatement.executeUpdate(PreparedStatement.java:2289)
	at com.mysql.jdbc.PreparedStatement.executeUpdate(PreparedStatement.java:2274)
	at org.apache.commons.dbcp.DelegatingPreparedStatement.executeUpdate(DelegatingPreparedStatement.java:105)
	at org.apache.commons.dbcp.DelegatingPreparedStatement.executeUpdate(DelegatingPreparedStatement.java:105)
	at sun.reflect.NativeMethodAccessorImpl.invoke0(Native Method)
	at sun.reflect.NativeMethodAccessorImpl.invoke(NativeMethodAccessorImpl.java:39)
	at sun.reflect.DelegatingMethodAccessorImpl.invoke(DelegatingMethodAccessorImpl.java:25)
	at java.lang.reflect.Method.invoke(Method.java:597)
	at org.hibernate.engine.jdbc.internal.proxy.AbstractStatementProxyHandler.continueInvocation(AbstractStatementProxyHandler.java:122)
	... 98 more
05-15 00:32:30  INFO org.springframework.web.context.ContextLoader:initWebApplicationContext:285 - Root WebApplicationContext: initialization started
05-15 00:32:30  INFO org.springframework.web.context.support.XmlWebApplicationContext:prepareRefresh:513 - Refreshing Root WebApplicationContext: startup date [Fri May 15 00:32:30 CST 2015]; root of context hierarchy
05-15 00:32:30  INFO org.springframework.beans.factory.xml.XmlBeanDefinitionReader:loadBeanDefinitions:316 - Loading XML bean definitions from ServletContext resource [/WEB-INF/spring.xml]
05-15 00:32:30  INFO org.springframework.beans.factory.xml.XmlBeanDefinitionReader:loadBeanDefinitions:316 - Loading XML bean definitions from class path resource [ice.xml]
05-15 00:32:30  INFO org.springframework.beans.factory.xml.XmlBeanDefinitionReader:loadBeanDefinitions:316 - Loading XML bean definitions from class path resource [ice-mysql.xml]
05-15 00:32:30  INFO org.springframework.beans.factory.xml.XmlBeanDefinitionReader:loadBeanDefinitions:316 - Loading XML bean definitions from class path resource [ice-db-scan.xml]
05-15 00:32:30  INFO org.springframework.beans.factory.xml.XmlBeanDefinitionReader:loadBeanDefinitions:316 - Loading XML bean definitions from class path resource [net/lw/ice/person/person-scan-hibernate.xml]
05-15 00:32:30  INFO org.springframework.beans.factory.xml.XmlBeanDefinitionReader:loadBeanDefinitions:316 - Loading XML bean definitions from class path resource [net/lw/ice/domain/ice-domain.xml]
05-15 00:32:30  INFO org.springframework.beans.factory.xml.XmlBeanDefinitionReader:loadBeanDefinitions:316 - Loading XML bean definitions from class path resource [init-data.xml]
05-15 00:32:30  INFO org.springframework.beans.factory.annotation.AutowiredAnnotationBeanPostProcessor:<init>:141 - JSR-330 'javax.inject.Inject' annotation found and supported for autowiring
05-15 00:32:31  INFO org.hibernate.annotations.common.Version:<clinit>:37 - HCANN000001: Hibernate Commons Annotations {4.0.1.Final}
05-15 00:32:31  INFO org.hibernate.Version:logVersion:41 - HHH000412: Hibernate Core {4.1.9.Final}
05-15 00:32:31  INFO org.hibernate.cfg.Environment:<clinit>:239 - HHH000206: hibernate.properties not found
05-15 00:32:31  INFO org.hibernate.cfg.Environment:buildBytecodeProvider:342 - HHH000021: Bytecode provider name : javassist
05-15 00:32:31  INFO org.hibernate.dialect.Dialect:<init>:123 - HHH000400: Using dialect: org.hibernate.dialect.MySQLDialect
05-15 00:32:31  INFO org.hibernate.engine.jdbc.internal.LobCreatorBuilder:useContextualLobCreation:94 - HHH000423: Disabling contextual LOB creation as JDBC driver reported JDBC version [3] less than 4
05-15 00:32:31  INFO org.hibernate.engine.transaction.internal.TransactionFactoryInitiator:initiateService:68 - HHH000399: Using default transaction strategy (direct JDBC transactions)
05-15 00:32:31  INFO org.hibernate.hql.internal.ast.ASTQueryTranslatorFactory:<init>:48 - HHH000397: Using ASTQueryTranslatorFactory
05-15 00:32:32  INFO org.hibernate.tool.hbm2ddl.SchemaExport:execute:343 - HHH000227: Running hbm2ddl schema export
05-15 00:32:34  INFO org.hibernate.tool.hbm2ddl.SchemaExport:execute:405 - HHH000230: Schema export complete
05-15 00:32:34  INFO org.springframework.orm.hibernate4.HibernateTransactionManager:afterPropertiesSet:341 - Using DataSource [org.apache.commons.dbcp.BasicDataSource@255d] of Hibernate SessionFactory for HibernateTransactionManager
05-15 00:32:34  INFO org.springframework.web.context.ContextLoader:initWebApplicationContext:325 - Root WebApplicationContext: initialization completed in 4465 ms
05-15 00:32:34  INFO org.springframework.web.servlet.DispatcherServlet:initServletBean:479 - FrameworkServlet 'springmvc': initialization started
05-15 00:32:34  INFO org.springframework.web.context.support.XmlWebApplicationContext:prepareRefresh:513 - Refreshing WebApplicationContext for namespace 'springmvc-servlet': startup date [Fri May 15 00:32:34 CST 2015]; parent: Root WebApplicationContext
05-15 00:32:34  INFO org.springframework.beans.factory.xml.XmlBeanDefinitionReader:loadBeanDefinitions:316 - Loading XML bean definitions from ServletContext resource [/WEB-INF/springmvc-servlet.xml]
05-15 00:32:35  INFO org.springframework.beans.factory.annotation.AutowiredAnnotationBeanPostProcessor:<init>:141 - JSR-330 'javax.inject.Inject' annotation found and supported for autowiring
05-15 00:32:35  INFO org.springframework.web.servlet.mvc.annotation.DefaultAnnotationHandlerMapping:registerHandler:315 - Mapped URL path [/login/check] onto handler 'loginController'
05-15 00:32:35  INFO org.springframework.web.servlet.mvc.annotation.DefaultAnnotationHandlerMapping:registerHandler:315 - Mapped URL path [/login/check.*] onto handler 'loginController'
05-15 00:32:35  INFO org.springframework.web.servlet.mvc.annotation.DefaultAnnotationHandlerMapping:registerHandler:315 - Mapped URL path [/login/check/] onto handler 'loginController'
05-15 00:32:35  INFO org.springframework.web.servlet.mvc.annotation.DefaultAnnotationHandlerMapping:registerHandler:315 - Mapped URL path [/login] onto handler 'loginController'
05-15 00:32:35  INFO org.springframework.web.servlet.mvc.annotation.DefaultAnnotationHandlerMapping:registerHandler:315 - Mapped URL path [/login.*] onto handler 'loginController'
05-15 00:32:35  INFO org.springframework.web.servlet.mvc.annotation.DefaultAnnotationHandlerMapping:registerHandler:315 - Mapped URL path [/login/] onto handler 'loginController'
05-15 00:32:35  INFO org.springframework.web.servlet.mvc.annotation.DefaultAnnotationHandlerMapping:registerHandler:315 - Mapped URL path [/logout] onto handler 'logoutController'
05-15 00:32:35  INFO org.springframework.web.servlet.mvc.annotation.DefaultAnnotationHandlerMapping:registerHandler:315 - Mapped URL path [/logout.*] onto handler 'logoutController'
05-15 00:32:35  INFO org.springframework.web.servlet.mvc.annotation.DefaultAnnotationHandlerMapping:registerHandler:315 - Mapped URL path [/logout/] onto handler 'logoutController'
05-15 00:32:35  INFO org.springframework.web.servlet.mvc.annotation.DefaultAnnotationHandlerMapping:registerHandler:315 - Mapped URL path [/org/{id}] onto handler 'orgController'
05-15 00:32:35  INFO org.springframework.web.servlet.mvc.annotation.DefaultAnnotationHandlerMapping:registerHandler:315 - Mapped URL path [/org/{id}.*] onto handler 'orgController'
05-15 00:32:35  INFO org.springframework.web.servlet.mvc.annotation.DefaultAnnotationHandlerMapping:registerHandler:315 - Mapped URL path [/org/{id}/] onto handler 'orgController'
05-15 00:32:35  INFO org.springframework.web.servlet.mvc.annotation.DefaultAnnotationHandlerMapping:registerHandler:315 - Mapped URL path [/org/orgTree] onto handler 'orgController'
05-15 00:32:35  INFO org.springframework.web.servlet.mvc.annotation.DefaultAnnotationHandlerMapping:registerHandler:315 - Mapped URL path [/org/orgTree.*] onto handler 'orgController'
05-15 00:32:35  INFO org.springframework.web.servlet.mvc.annotation.DefaultAnnotationHandlerMapping:registerHandler:315 - Mapped URL path [/org/orgTree/] onto handler 'orgController'
05-15 00:32:35  INFO org.springframework.web.servlet.mvc.annotation.DefaultAnnotationHandlerMapping:registerHandler:315 - Mapped URL path [/org] onto handler 'orgController'
05-15 00:32:35  INFO org.springframework.web.servlet.mvc.annotation.DefaultAnnotationHandlerMapping:registerHandler:315 - Mapped URL path [/org.*] onto handler 'orgController'
05-15 00:32:35  INFO org.springframework.web.servlet.mvc.annotation.DefaultAnnotationHandlerMapping:registerHandler:315 - Mapped URL path [/org/] onto handler 'orgController'
05-15 00:32:35  INFO org.springframework.web.servlet.mvc.annotation.DefaultAnnotationHandlerMapping:registerHandler:315 - Mapped URL path [/person] onto handler 'personController'
05-15 00:32:35  INFO org.springframework.web.servlet.mvc.annotation.DefaultAnnotationHandlerMapping:registerHandler:315 - Mapped URL path [/person.*] onto handler 'personController'
05-15 00:32:35  INFO org.springframework.web.servlet.mvc.annotation.DefaultAnnotationHandlerMapping:registerHandler:315 - Mapped URL path [/person/] onto handler 'personController'
05-15 00:32:35  INFO org.springframework.web.servlet.mvc.annotation.DefaultAnnotationHandlerMapping:registerHandler:315 - Mapped URL path [/user/{id}] onto handler 'userController'
05-15 00:32:35  INFO org.springframework.web.servlet.mvc.annotation.DefaultAnnotationHandlerMapping:registerHandler:315 - Mapped URL path [/user/{id}.*] onto handler 'userController'
05-15 00:32:35  INFO org.springframework.web.servlet.mvc.annotation.DefaultAnnotationHandlerMapping:registerHandler:315 - Mapped URL path [/user/{id}/] onto handler 'userController'
05-15 00:32:35  INFO org.springframework.web.servlet.mvc.annotation.DefaultAnnotationHandlerMapping:registerHandler:315 - Mapped URL path [/user] onto handler 'userController'
05-15 00:32:35  INFO org.springframework.web.servlet.mvc.annotation.DefaultAnnotationHandlerMapping:registerHandler:315 - Mapped URL path [/user.*] onto handler 'userController'
05-15 00:32:35  INFO org.springframework.web.servlet.mvc.annotation.DefaultAnnotationHandlerMapping:registerHandler:315 - Mapped URL path [/user/] onto handler 'userController'
05-15 00:32:35  INFO org.springframework.web.servlet.DispatcherServlet:initServletBean:498 - FrameworkServlet 'springmvc': initialization completed in 128 ms
05-15 00:33:07 ERROR org.hibernate.hql.internal.ast.ErrorCounter:reportError:54 - <AST>:1:47: unexpected AST node: .
05-15 00:33:07 ERROR org.hibernate.hql.internal.ast.ErrorCounter:reportError:50 - <AST>:1:47: unexpected AST node: .
<AST>:1:47: unexpected AST node: .
	at org.hibernate.hql.internal.antlr.HqlSqlBaseWalker.logicalExpr(HqlSqlBaseWalker.java:1955)
	at org.hibernate.hql.internal.antlr.HqlSqlBaseWalker.whereClause(HqlSqlBaseWalker.java:794)
	at org.hibernate.hql.internal.antlr.HqlSqlBaseWalker.query(HqlSqlBaseWalker.java:595)
	at org.hibernate.hql.internal.antlr.HqlSqlBaseWalker.selectStatement(HqlSqlBaseWalker.java:299)
	at org.hibernate.hql.internal.antlr.HqlSqlBaseWalker.statement(HqlSqlBaseWalker.java:247)
	at org.hibernate.hql.internal.ast.QueryTranslatorImpl.analyze(QueryTranslatorImpl.java:248)
	at org.hibernate.hql.internal.ast.QueryTranslatorImpl.doCompile(QueryTranslatorImpl.java:183)
	at org.hibernate.hql.internal.ast.QueryTranslatorImpl.compile(QueryTranslatorImpl.java:136)
	at org.hibernate.engine.query.spi.HQLQueryPlan.<init>(HQLQueryPlan.java:105)
	at org.hibernate.engine.query.spi.HQLQueryPlan.<init>(HQLQueryPlan.java:80)
	at org.hibernate.engine.query.spi.QueryPlanCache.getHQLQueryPlan(QueryPlanCache.java:168)
	at org.hibernate.internal.AbstractSessionImpl.getHQLQueryPlan(AbstractSessionImpl.java:221)
	at org.hibernate.internal.AbstractSessionImpl.createQuery(AbstractSessionImpl.java:199)
	at org.hibernate.internal.SessionImpl.createQuery(SessionImpl.java:1735)
	at net.lw.ice.domain.dao.Hibernate4Dao.createQuery(Hibernate4Dao.java:220)
	at net.lw.ice.domain.dao.Hibernate4Dao.findUniqueByHql(Hibernate4Dao.java:177)
	at net.lw.ice.person.service.db.PersonService.getByCode(PersonService.java:32)
	at net.lw.ice.person.service.db.PersonService$$FastClassByCGLIB$$ec8b05cd.invoke(<generated>)
	at org.springframework.cglib.proxy.MethodProxy.invoke(MethodProxy.java:204)
	at org.springframework.aop.framework.CglibAopProxy$CglibMethodInvocation.invokeJoinpoint(CglibAopProxy.java:710)
	at org.springframework.aop.framework.ReflectiveMethodInvocation.proceed(ReflectiveMethodInvocation.java:157)
	at org.springframework.transaction.interceptor.TransactionInterceptor$1.proceedWithInvocation(TransactionInterceptor.java:98)
	at org.springframework.transaction.interceptor.TransactionAspectSupport.invokeWithinTransaction(TransactionAspectSupport.java:262)
	at org.springframework.transaction.interceptor.TransactionInterceptor.invoke(TransactionInterceptor.java:95)
	at org.springframework.aop.framework.ReflectiveMethodInvocation.proceed(ReflectiveMethodInvocation.java:179)
	at org.springframework.aop.framework.CglibAopProxy$DynamicAdvisedInterceptor.intercept(CglibAopProxy.java:643)
	at net.lw.ice.person.service.db.PersonService$$EnhancerByCGLIB$$c10e9f09.getByCode(<generated>)
	at net.lw.ice.person.service.db.UserService.login(UserService.java:69)
	at net.lw.ice.person.service.db.UserService$$FastClassByCGLIB$$39938bd7.invoke(<generated>)
	at org.springframework.cglib.proxy.MethodProxy.invoke(MethodProxy.java:204)
	at org.springframework.aop.framework.CglibAopProxy$CglibMethodInvocation.invokeJoinpoint(CglibAopProxy.java:710)
	at org.springframework.aop.framework.ReflectiveMethodInvocation.proceed(ReflectiveMethodInvocation.java:157)
	at org.springframework.transaction.interceptor.TransactionInterceptor$1.proceedWithInvocation(TransactionInterceptor.java:98)
	at org.springframework.transaction.interceptor.TransactionAspectSupport.invokeWithinTransaction(TransactionAspectSupport.java:262)
	at org.springframework.transaction.interceptor.TransactionInterceptor.invoke(TransactionInterceptor.java:95)
	at org.springframework.aop.framework.ReflectiveMethodInvocation.proceed(ReflectiveMethodInvocation.java:179)
	at org.springframework.aop.framework.CglibAopProxy$DynamicAdvisedInterceptor.intercept(CglibAopProxy.java:643)
	at net.lw.ice.person.service.db.UserService$$EnhancerByCGLIB$$29657dd3.login(<generated>)
	at net.lw.ice.web.person.controller.LoginController.login(LoginController.java:45)
	at sun.reflect.NativeMethodAccessorImpl.invoke0(Native Method)
	at sun.reflect.NativeMethodAccessorImpl.invoke(NativeMethodAccessorImpl.java:39)
	at sun.reflect.DelegatingMethodAccessorImpl.invoke(DelegatingMethodAccessorImpl.java:25)
	at java.lang.reflect.Method.invoke(Method.java:597)
	at org.springframework.web.bind.annotation.support.HandlerMethodInvoker.invokeHandlerMethod(HandlerMethodInvoker.java:175)
	at org.springframework.web.servlet.mvc.annotation.AnnotationMethodHandlerAdapter.invokeHandlerMethod(AnnotationMethodHandlerAdapter.java:446)
	at org.springframework.web.servlet.mvc.annotation.AnnotationMethodHandlerAdapter.handle(AnnotationMethodHandlerAdapter.java:434)
	at org.springframework.web.servlet.DispatcherServlet.doDispatch(DispatcherServlet.java:945)
	at org.springframework.web.servlet.DispatcherServlet.doService(DispatcherServlet.java:876)
	at org.springframework.web.servlet.FrameworkServlet.processRequest(FrameworkServlet.java:961)
	at org.springframework.web.servlet.FrameworkServlet.doPost(FrameworkServlet.java:863)
	at javax.servlet.http.HttpServlet.service(HttpServlet.java:755)
	at org.springframework.web.servlet.FrameworkServlet.service(FrameworkServlet.java:837)
	at javax.servlet.http.HttpServlet.service(HttpServlet.java:848)
	at org.eclipse.jetty.servlet.ServletHolder.handle(ServletHolder.java:643)
	at org.eclipse.jetty.servlet.ServletHandler.doHandle(ServletHandler.java:450)
	at org.eclipse.jetty.server.handler.ScopedHandler.handle(ScopedHandler.java:131)
	at org.eclipse.jetty.security.SecurityHandler.handle(SecurityHandler.java:524)
	at org.eclipse.jetty.server.session.SessionHandler.doHandle(SessionHandler.java:231)
	at org.eclipse.jetty.server.handler.ContextHandler.doHandle(ContextHandler.java:1067)
	at org.eclipse.jetty.servlet.ServletHandler.doScope(ServletHandler.java:377)
	at org.eclipse.jetty.server.session.SessionHandler.doScope(SessionHandler.java:192)
	at org.eclipse.jetty.server.handler.ContextHandler.doScope(ContextHandler.java:1001)
	at org.eclipse.jetty.server.handler.ScopedHandler.handle(ScopedHandler.java:129)
	at org.eclipse.jetty.server.handler.ContextHandlerCollection.handle(ContextHandlerCollection.java:250)
	at org.eclipse.jetty.server.handler.HandlerCollection.handle(HandlerCollection.java:149)
	at org.eclipse.jetty.server.handler.HandlerWrapper.handle(HandlerWrapper.java:111)
	at org.eclipse.jetty.server.Server.handle(Server.java:360)
	at org.eclipse.jetty.server.AbstractHttpConnection.handleRequest(AbstractHttpConnection.java:454)
	at org.eclipse.jetty.server.AbstractHttpConnection.content(AbstractHttpConnection.java:900)
	at org.eclipse.jetty.server.AbstractHttpConnection$RequestHandler.content(AbstractHttpConnection.java:954)
	at org.eclipse.jetty.http.HttpParser.parseNext(HttpParser.java:851)
	at org.eclipse.jetty.http.HttpParser.parseAvailable(HttpParser.java:235)
	at org.eclipse.jetty.server.AsyncHttpConnection.handle(AsyncHttpConnection.java:77)
	at org.eclipse.jetty.io.nio.SelectChannelEndPoint.handle(SelectChannelEndPoint.java:622)
	at org.eclipse.jetty.io.nio.SelectChannelEndPoint$1.run(SelectChannelEndPoint.java:46)
	at org.eclipse.jetty.util.thread.QueuedThreadPool.runJob(QueuedThreadPool.java:603)
	at org.eclipse.jetty.util.thread.QueuedThreadPool$3.run(QueuedThreadPool.java:538)
	at java.lang.Thread.run(Thread.java:619)
05-15 00:33:07 ERROR net.lw.ice.web.person.controller.LoginController:login:66 - User login error![org.hibernate.hql.internal.ast.QuerySyntaxException: unexpected AST node: . near line 1, column 47 [from net.lw.ice.person.entity.Person p where p.code]]
05-15 00:34:45  INFO org.springframework.web.context.support.XmlWebApplicationContext:doClose:873 - Closing WebApplicationContext for namespace 'springmvc-servlet': startup date [Fri May 15 00:32:34 CST 2015]; parent: Root WebApplicationContext
05-15 00:34:45  INFO org.springframework.web.context.support.XmlWebApplicationContext:doClose:873 - Closing Root WebApplicationContext: startup date [Fri May 15 00:32:30 CST 2015]; root of context hierarchy
05-15 00:35:04  INFO org.springframework.web.context.ContextLoader:initWebApplicationContext:285 - Root WebApplicationContext: initialization started
05-15 00:35:04  INFO org.springframework.web.context.support.XmlWebApplicationContext:prepareRefresh:513 - Refreshing Root WebApplicationContext: startup date [Fri May 15 00:35:04 CST 2015]; root of context hierarchy
05-15 00:35:05  INFO org.springframework.beans.factory.xml.XmlBeanDefinitionReader:loadBeanDefinitions:316 - Loading XML bean definitions from ServletContext resource [/WEB-INF/spring.xml]
05-15 00:35:05  INFO org.springframework.beans.factory.xml.XmlBeanDefinitionReader:loadBeanDefinitions:316 - Loading XML bean definitions from class path resource [ice.xml]
05-15 00:35:05  INFO org.springframework.beans.factory.xml.XmlBeanDefinitionReader:loadBeanDefinitions:316 - Loading XML bean definitions from class path resource [ice-mysql.xml]
05-15 00:35:05  INFO org.springframework.beans.factory.xml.XmlBeanDefinitionReader:loadBeanDefinitions:316 - Loading XML bean definitions from class path resource [ice-db-scan.xml]
05-15 00:35:05  INFO org.springframework.beans.factory.xml.XmlBeanDefinitionReader:loadBeanDefinitions:316 - Loading XML bean definitions from class path resource [net/lw/ice/person/person-scan-hibernate.xml]
05-15 00:35:05  INFO org.springframework.beans.factory.xml.XmlBeanDefinitionReader:loadBeanDefinitions:316 - Loading XML bean definitions from class path resource [net/lw/ice/domain/ice-domain.xml]
05-15 00:35:05  INFO org.springframework.beans.factory.xml.XmlBeanDefinitionReader:loadBeanDefinitions:316 - Loading XML bean definitions from class path resource [init-data.xml]
05-15 00:35:05  INFO org.springframework.beans.factory.annotation.AutowiredAnnotationBeanPostProcessor:<init>:141 - JSR-330 'javax.inject.Inject' annotation found and supported for autowiring
05-15 00:35:05  INFO org.hibernate.annotations.common.Version:<clinit>:37 - HCANN000001: Hibernate Commons Annotations {4.0.1.Final}
05-15 00:35:05  INFO org.hibernate.Version:logVersion:41 - HHH000412: Hibernate Core {4.1.9.Final}
05-15 00:35:05  INFO org.hibernate.cfg.Environment:<clinit>:239 - HHH000206: hibernate.properties not found
05-15 00:35:05  INFO org.hibernate.cfg.Environment:buildBytecodeProvider:342 - HHH000021: Bytecode provider name : javassist
05-15 00:35:06  INFO org.hibernate.dialect.Dialect:<init>:123 - HHH000400: Using dialect: org.hibernate.dialect.MySQLDialect
05-15 00:35:06  INFO org.hibernate.engine.jdbc.internal.LobCreatorBuilder:useContextualLobCreation:94 - HHH000423: Disabling contextual LOB creation as JDBC driver reported JDBC version [3] less than 4
05-15 00:35:06  INFO org.hibernate.engine.transaction.internal.TransactionFactoryInitiator:initiateService:68 - HHH000399: Using default transaction strategy (direct JDBC transactions)
05-15 00:35:06  INFO org.hibernate.hql.internal.ast.ASTQueryTranslatorFactory:<init>:48 - HHH000397: Using ASTQueryTranslatorFactory
05-15 00:35:06  INFO org.hibernate.tool.hbm2ddl.SchemaExport:execute:343 - HHH000227: Running hbm2ddl schema export
05-15 00:35:07  INFO org.hibernate.tool.hbm2ddl.SchemaExport:execute:405 - HHH000230: Schema export complete
05-15 00:35:08  INFO org.springframework.orm.hibernate4.HibernateTransactionManager:afterPropertiesSet:341 - Using DataSource [org.apache.commons.dbcp.BasicDataSource@1ec79b6] of Hibernate SessionFactory for HibernateTransactionManager
05-15 00:35:08  INFO org.springframework.web.context.ContextLoader:initWebApplicationContext:325 - Root WebApplicationContext: initialization completed in 3843 ms
05-15 00:35:08  INFO org.springframework.web.servlet.DispatcherServlet:initServletBean:479 - FrameworkServlet 'springmvc': initialization started
05-15 00:35:08  INFO org.springframework.web.context.support.XmlWebApplicationContext:prepareRefresh:513 - Refreshing WebApplicationContext for namespace 'springmvc-servlet': startup date [Fri May 15 00:35:08 CST 2015]; parent: Root WebApplicationContext
05-15 00:35:08  INFO org.springframework.beans.factory.xml.XmlBeanDefinitionReader:loadBeanDefinitions:316 - Loading XML bean definitions from ServletContext resource [/WEB-INF/springmvc-servlet.xml]
05-15 00:35:08  INFO org.springframework.beans.factory.annotation.AutowiredAnnotationBeanPostProcessor:<init>:141 - JSR-330 'javax.inject.Inject' annotation found and supported for autowiring
05-15 00:35:08  INFO org.springframework.web.servlet.mvc.annotation.DefaultAnnotationHandlerMapping:registerHandler:315 - Mapped URL path [/login/check] onto handler 'loginController'
05-15 00:35:08  INFO org.springframework.web.servlet.mvc.annotation.DefaultAnnotationHandlerMapping:registerHandler:315 - Mapped URL path [/login/check.*] onto handler 'loginController'
05-15 00:35:08  INFO org.springframework.web.servlet.mvc.annotation.DefaultAnnotationHandlerMapping:registerHandler:315 - Mapped URL path [/login/check/] onto handler 'loginController'
05-15 00:35:08  INFO org.springframework.web.servlet.mvc.annotation.DefaultAnnotationHandlerMapping:registerHandler:315 - Mapped URL path [/login] onto handler 'loginController'
05-15 00:35:08  INFO org.springframework.web.servlet.mvc.annotation.DefaultAnnotationHandlerMapping:registerHandler:315 - Mapped URL path [/login.*] onto handler 'loginController'
05-15 00:35:08  INFO org.springframework.web.servlet.mvc.annotation.DefaultAnnotationHandlerMapping:registerHandler:315 - Mapped URL path [/login/] onto handler 'loginController'
05-15 00:35:08  INFO org.springframework.web.servlet.mvc.annotation.DefaultAnnotationHandlerMapping:registerHandler:315 - Mapped URL path [/logout] onto handler 'logoutController'
05-15 00:35:08  INFO org.springframework.web.servlet.mvc.annotation.DefaultAnnotationHandlerMapping:registerHandler:315 - Mapped URL path [/logout.*] onto handler 'logoutController'
05-15 00:35:08  INFO org.springframework.web.servlet.mvc.annotation.DefaultAnnotationHandlerMapping:registerHandler:315 - Mapped URL path [/logout/] onto handler 'logoutController'
05-15 00:35:08  INFO org.springframework.web.servlet.mvc.annotation.DefaultAnnotationHandlerMapping:registerHandler:315 - Mapped URL path [/org/{id}] onto handler 'orgController'
05-15 00:35:08  INFO org.springframework.web.servlet.mvc.annotation.DefaultAnnotationHandlerMapping:registerHandler:315 - Mapped URL path [/org/{id}.*] onto handler 'orgController'
05-15 00:35:08  INFO org.springframework.web.servlet.mvc.annotation.DefaultAnnotationHandlerMapping:registerHandler:315 - Mapped URL path [/org/{id}/] onto handler 'orgController'
05-15 00:35:08  INFO org.springframework.web.servlet.mvc.annotation.DefaultAnnotationHandlerMapping:registerHandler:315 - Mapped URL path [/org/orgTree] onto handler 'orgController'
05-15 00:35:08  INFO org.springframework.web.servlet.mvc.annotation.DefaultAnnotationHandlerMapping:registerHandler:315 - Mapped URL path [/org/orgTree.*] onto handler 'orgController'
05-15 00:35:08  INFO org.springframework.web.servlet.mvc.annotation.DefaultAnnotationHandlerMapping:registerHandler:315 - Mapped URL path [/org/orgTree/] onto handler 'orgController'
05-15 00:35:08  INFO org.springframework.web.servlet.mvc.annotation.DefaultAnnotationHandlerMapping:registerHandler:315 - Mapped URL path [/org] onto handler 'orgController'
05-15 00:35:08  INFO org.springframework.web.servlet.mvc.annotation.DefaultAnnotationHandlerMapping:registerHandler:315 - Mapped URL path [/org.*] onto handler 'orgController'
05-15 00:35:08  INFO org.springframework.web.servlet.mvc.annotation.DefaultAnnotationHandlerMapping:registerHandler:315 - Mapped URL path [/org/] onto handler 'orgController'
05-15 00:35:08  INFO org.springframework.web.servlet.mvc.annotation.DefaultAnnotationHandlerMapping:registerHandler:315 - Mapped URL path [/person] onto handler 'personController'
05-15 00:35:08  INFO org.springframework.web.servlet.mvc.annotation.DefaultAnnotationHandlerMapping:registerHandler:315 - Mapped URL path [/person.*] onto handler 'personController'
05-15 00:35:08  INFO org.springframework.web.servlet.mvc.annotation.DefaultAnnotationHandlerMapping:registerHandler:315 - Mapped URL path [/person/] onto handler 'personController'
05-15 00:35:08  INFO org.springframework.web.servlet.mvc.annotation.DefaultAnnotationHandlerMapping:registerHandler:315 - Mapped URL path [/user/{id}] onto handler 'userController'
05-15 00:35:08  INFO org.springframework.web.servlet.mvc.annotation.DefaultAnnotationHandlerMapping:registerHandler:315 - Mapped URL path [/user/{id}.*] onto handler 'userController'
05-15 00:35:08  INFO org.springframework.web.servlet.mvc.annotation.DefaultAnnotationHandlerMapping:registerHandler:315 - Mapped URL path [/user/{id}/] onto handler 'userController'
05-15 00:35:08  INFO org.springframework.web.servlet.mvc.annotation.DefaultAnnotationHandlerMapping:registerHandler:315 - Mapped URL path [/user] onto handler 'userController'
05-15 00:35:08  INFO org.springframework.web.servlet.mvc.annotation.DefaultAnnotationHandlerMapping:registerHandler:315 - Mapped URL path [/user.*] onto handler 'userController'
05-15 00:35:08  INFO org.springframework.web.servlet.mvc.annotation.DefaultAnnotationHandlerMapping:registerHandler:315 - Mapped URL path [/user/] onto handler 'userController'
05-15 00:35:08  INFO org.springframework.web.servlet.DispatcherServlet:initServletBean:498 - FrameworkServlet 'springmvc': initialization completed in 142 ms
05-15 00:35:17  WARN org.hibernate.hql.internal.ast.HqlSqlWalker:generatePositionalParameter:929 - [DEPRECATION] Encountered positional parameter near line 1, column 55.  Positional parameter are considered deprecated; use named parameters or JPA-style positional parameters instead.
05-15 00:35:17  WARN org.hibernate.hql.internal.ast.HqlSqlWalker:generatePositionalParameter:929 - [DEPRECATION] Encountered positional parameter near line 1, column 64.  Positional parameter are considered deprecated; use named parameters or JPA-style positional parameters instead.
05-15 00:35:17 ERROR net.lw.ice.web.person.controller.LoginController:login:66 - User login error![java.lang.ClassCastException: java.lang.String cannot be cast to java.lang.Long]
05-15 00:41:49 ERROR net.lw.ice.web.person.controller.LoginController:login:66 - User login error![java.lang.ClassCastException: java.lang.String cannot be cast to java.lang.Long]
05-15 00:42:12  INFO org.springframework.web.context.support.XmlWebApplicationContext:doClose:873 - Closing WebApplicationContext for namespace 'springmvc-servlet': startup date [Fri May 15 00:35:08 CST 2015]; parent: Root WebApplicationContext
05-15 00:42:12  INFO org.springframework.web.context.support.XmlWebApplicationContext:doClose:873 - Closing Root WebApplicationContext: startup date [Fri May 15 00:35:04 CST 2015]; root of context hierarchy
05-15 00:42:28  INFO org.springframework.web.context.ContextLoader:initWebApplicationContext:285 - Root WebApplicationContext: initialization started
05-15 00:42:28  INFO org.springframework.web.context.support.XmlWebApplicationContext:prepareRefresh:513 - Refreshing Root WebApplicationContext: startup date [Fri May 15 00:42:28 CST 2015]; root of context hierarchy
05-15 00:42:28  INFO org.springframework.beans.factory.xml.XmlBeanDefinitionReader:loadBeanDefinitions:316 - Loading XML bean definitions from ServletContext resource [/WEB-INF/spring.xml]
05-15 00:42:28  INFO org.springframework.beans.factory.xml.XmlBeanDefinitionReader:loadBeanDefinitions:316 - Loading XML bean definitions from class path resource [ice.xml]
05-15 00:42:28  INFO org.springframework.beans.factory.xml.XmlBeanDefinitionReader:loadBeanDefinitions:316 - Loading XML bean definitions from class path resource [ice-mysql.xml]
05-15 00:42:28  INFO org.springframework.beans.factory.xml.XmlBeanDefinitionReader:loadBeanDefinitions:316 - Loading XML bean definitions from class path resource [ice-db-scan.xml]
05-15 00:42:28  INFO org.springframework.beans.factory.xml.XmlBeanDefinitionReader:loadBeanDefinitions:316 - Loading XML bean definitions from class path resource [net/lw/ice/person/person-scan-hibernate.xml]
05-15 00:42:28  INFO org.springframework.beans.factory.xml.XmlBeanDefinitionReader:loadBeanDefinitions:316 - Loading XML bean definitions from class path resource [net/lw/ice/domain/ice-domain.xml]
05-15 00:42:28  INFO org.springframework.beans.factory.xml.XmlBeanDefinitionReader:loadBeanDefinitions:316 - Loading XML bean definitions from class path resource [init-data.xml]
05-15 00:42:28  INFO org.springframework.beans.factory.annotation.AutowiredAnnotationBeanPostProcessor:<init>:141 - JSR-330 'javax.inject.Inject' annotation found and supported for autowiring
05-15 00:42:28  INFO org.hibernate.annotations.common.Version:<clinit>:37 - HCANN000001: Hibernate Commons Annotations {4.0.1.Final}
05-15 00:42:28  INFO org.hibernate.Version:logVersion:41 - HHH000412: Hibernate Core {4.1.9.Final}
05-15 00:42:28  INFO org.hibernate.cfg.Environment:<clinit>:239 - HHH000206: hibernate.properties not found
05-15 00:42:28  INFO org.hibernate.cfg.Environment:buildBytecodeProvider:342 - HHH000021: Bytecode provider name : javassist
05-15 00:42:29  INFO org.hibernate.dialect.Dialect:<init>:123 - HHH000400: Using dialect: org.hibernate.dialect.MySQLDialect
05-15 00:42:29  INFO org.hibernate.engine.jdbc.internal.LobCreatorBuilder:useContextualLobCreation:94 - HHH000423: Disabling contextual LOB creation as JDBC driver reported JDBC version [3] less than 4
05-15 00:42:29  INFO org.hibernate.engine.transaction.internal.TransactionFactoryInitiator:initiateService:68 - HHH000399: Using default transaction strategy (direct JDBC transactions)
05-15 00:42:29  INFO org.hibernate.hql.internal.ast.ASTQueryTranslatorFactory:<init>:48 - HHH000397: Using ASTQueryTranslatorFactory
05-15 00:42:29  INFO org.hibernate.tool.hbm2ddl.SchemaExport:execute:343 - HHH000227: Running hbm2ddl schema export
05-15 00:42:31  INFO org.hibernate.tool.hbm2ddl.SchemaExport:execute:405 - HHH000230: Schema export complete
05-15 00:42:31  INFO org.springframework.orm.hibernate4.HibernateTransactionManager:afterPropertiesSet:341 - Using DataSource [org.apache.commons.dbcp.BasicDataSource@10e3e70] of Hibernate SessionFactory for HibernateTransactionManager
05-15 00:42:32  INFO org.springframework.web.context.ContextLoader:initWebApplicationContext:325 - Root WebApplicationContext: initialization completed in 4336 ms
05-15 00:42:32  INFO org.springframework.web.servlet.DispatcherServlet:initServletBean:479 - FrameworkServlet 'springmvc': initialization started
05-15 00:42:32  INFO org.springframework.web.context.support.XmlWebApplicationContext:prepareRefresh:513 - Refreshing WebApplicationContext for namespace 'springmvc-servlet': startup date [Fri May 15 00:42:32 CST 2015]; parent: Root WebApplicationContext
05-15 00:42:32  INFO org.springframework.beans.factory.xml.XmlBeanDefinitionReader:loadBeanDefinitions:316 - Loading XML bean definitions from ServletContext resource [/WEB-INF/springmvc-servlet.xml]
05-15 00:42:32  INFO org.springframework.beans.factory.annotation.AutowiredAnnotationBeanPostProcessor:<init>:141 - JSR-330 'javax.inject.Inject' annotation found and supported for autowiring
05-15 00:42:32  INFO org.springframework.web.servlet.mvc.annotation.DefaultAnnotationHandlerMapping:registerHandler:315 - Mapped URL path [/login/check] onto handler 'loginController'
05-15 00:42:32  INFO org.springframework.web.servlet.mvc.annotation.DefaultAnnotationHandlerMapping:registerHandler:315 - Mapped URL path [/login/check.*] onto handler 'loginController'
05-15 00:42:32  INFO org.springframework.web.servlet.mvc.annotation.DefaultAnnotationHandlerMapping:registerHandler:315 - Mapped URL path [/login/check/] onto handler 'loginController'
05-15 00:42:32  INFO org.springframework.web.servlet.mvc.annotation.DefaultAnnotationHandlerMapping:registerHandler:315 - Mapped URL path [/login] onto handler 'loginController'
05-15 00:42:32  INFO org.springframework.web.servlet.mvc.annotation.DefaultAnnotationHandlerMapping:registerHandler:315 - Mapped URL path [/login.*] onto handler 'loginController'
05-15 00:42:32  INFO org.springframework.web.servlet.mvc.annotation.DefaultAnnotationHandlerMapping:registerHandler:315 - Mapped URL path [/login/] onto handler 'loginController'
05-15 00:42:32  INFO org.springframework.web.servlet.mvc.annotation.DefaultAnnotationHandlerMapping:registerHandler:315 - Mapped URL path [/logout] onto handler 'logoutController'
05-15 00:42:32  INFO org.springframework.web.servlet.mvc.annotation.DefaultAnnotationHandlerMapping:registerHandler:315 - Mapped URL path [/logout.*] onto handler 'logoutController'
05-15 00:42:32  INFO org.springframework.web.servlet.mvc.annotation.DefaultAnnotationHandlerMapping:registerHandler:315 - Mapped URL path [/logout/] onto handler 'logoutController'
05-15 00:42:32  INFO org.springframework.web.servlet.mvc.annotation.DefaultAnnotationHandlerMapping:registerHandler:315 - Mapped URL path [/org/{id}] onto handler 'orgController'
05-15 00:42:32  INFO org.springframework.web.servlet.mvc.annotation.DefaultAnnotationHandlerMapping:registerHandler:315 - Mapped URL path [/org/{id}.*] onto handler 'orgController'
05-15 00:42:32  INFO org.springframework.web.servlet.mvc.annotation.DefaultAnnotationHandlerMapping:registerHandler:315 - Mapped URL path [/org/{id}/] onto handler 'orgController'
05-15 00:42:32  INFO org.springframework.web.servlet.mvc.annotation.DefaultAnnotationHandlerMapping:registerHandler:315 - Mapped URL path [/org/orgTree] onto handler 'orgController'
05-15 00:42:32  INFO org.springframework.web.servlet.mvc.annotation.DefaultAnnotationHandlerMapping:registerHandler:315 - Mapped URL path [/org/orgTree.*] onto handler 'orgController'
05-15 00:42:32  INFO org.springframework.web.servlet.mvc.annotation.DefaultAnnotationHandlerMapping:registerHandler:315 - Mapped URL path [/org/orgTree/] onto handler 'orgController'
05-15 00:42:32  INFO org.springframework.web.servlet.mvc.annotation.DefaultAnnotationHandlerMapping:registerHandler:315 - Mapped URL path [/org] onto handler 'orgController'
05-15 00:42:32  INFO org.springframework.web.servlet.mvc.annotation.DefaultAnnotationHandlerMapping:registerHandler:315 - Mapped URL path [/org.*] onto handler 'orgController'
05-15 00:42:32  INFO org.springframework.web.servlet.mvc.annotation.DefaultAnnotationHandlerMapping:registerHandler:315 - Mapped URL path [/org/] onto handler 'orgController'
05-15 00:42:32  INFO org.springframework.web.servlet.mvc.annotation.DefaultAnnotationHandlerMapping:registerHandler:315 - Mapped URL path [/person] onto handler 'personController'
05-15 00:42:32  INFO org.springframework.web.servlet.mvc.annotation.DefaultAnnotationHandlerMapping:registerHandler:315 - Mapped URL path [/person.*] onto handler 'personController'
05-15 00:42:32  INFO org.springframework.web.servlet.mvc.annotation.DefaultAnnotationHandlerMapping:registerHandler:315 - Mapped URL path [/person/] onto handler 'personController'
05-15 00:42:32  INFO org.springframework.web.servlet.mvc.annotation.DefaultAnnotationHandlerMapping:registerHandler:315 - Mapped URL path [/user/{id}] onto handler 'userController'
05-15 00:42:32  INFO org.springframework.web.servlet.mvc.annotation.DefaultAnnotationHandlerMapping:registerHandler:315 - Mapped URL path [/user/{id}.*] onto handler 'userController'
05-15 00:42:32  INFO org.springframework.web.servlet.mvc.annotation.DefaultAnnotationHandlerMapping:registerHandler:315 - Mapped URL path [/user/{id}/] onto handler 'userController'
05-15 00:42:32  INFO org.springframework.web.servlet.mvc.annotation.DefaultAnnotationHandlerMapping:registerHandler:315 - Mapped URL path [/user] onto handler 'userController'
05-15 00:42:32  INFO org.springframework.web.servlet.mvc.annotation.DefaultAnnotationHandlerMapping:registerHandler:315 - Mapped URL path [/user.*] onto handler 'userController'
05-15 00:42:32  INFO org.springframework.web.servlet.mvc.annotation.DefaultAnnotationHandlerMapping:registerHandler:315 - Mapped URL path [/user/] onto handler 'userController'
05-15 00:42:32  INFO org.springframework.web.servlet.DispatcherServlet:initServletBean:498 - FrameworkServlet 'springmvc': initialization completed in 134 ms
05-15 00:42:37  WARN org.hibernate.hql.internal.ast.HqlSqlWalker:generatePositionalParameter:929 - [DEPRECATION] Encountered positional parameter near line 1, column 55.  Positional parameter are considered deprecated; use named parameters or JPA-style positional parameters instead.
05-15 00:42:37  WARN org.hibernate.hql.internal.ast.HqlSqlWalker:generatePositionalParameter:929 - [DEPRECATION] Encountered positional parameter near line 1, column 64.  Positional parameter are considered deprecated; use named parameters or JPA-style positional parameters instead.
05-15 00:42:37 ERROR net.lw.ice.web.person.controller.LoginController:login:66 - User login error![java.lang.ClassCastException: java.lang.String cannot be cast to java.lang.Long]
05-15 00:44:18  INFO org.springframework.web.context.support.XmlWebApplicationContext:doClose:873 - Closing WebApplicationContext for namespace 'springmvc-servlet': startup date [Fri May 15 00:42:32 CST 2015]; parent: Root WebApplicationContext
05-15 00:44:18  INFO org.springframework.web.context.support.XmlWebApplicationContext:doClose:873 - Closing Root WebApplicationContext: startup date [Fri May 15 00:42:28 CST 2015]; root of context hierarchy
05-15 00:46:23  INFO org.springframework.web.context.ContextLoader:initWebApplicationContext:285 - Root WebApplicationContext: initialization started
05-15 00:46:23  INFO org.springframework.web.context.support.XmlWebApplicationContext:prepareRefresh:513 - Refreshing Root WebApplicationContext: startup date [Fri May 15 00:46:23 CST 2015]; root of context hierarchy
05-15 00:46:23  INFO org.springframework.beans.factory.xml.XmlBeanDefinitionReader:loadBeanDefinitions:316 - Loading XML bean definitions from ServletContext resource [/WEB-INF/spring.xml]
05-15 00:46:24  INFO org.springframework.beans.factory.xml.XmlBeanDefinitionReader:loadBeanDefinitions:316 - Loading XML bean definitions from class path resource [ice.xml]
05-15 00:46:24  INFO org.springframework.beans.factory.xml.XmlBeanDefinitionReader:loadBeanDefinitions:316 - Loading XML bean definitions from class path resource [ice-mysql.xml]
05-15 00:46:24  INFO org.springframework.beans.factory.xml.XmlBeanDefinitionReader:loadBeanDefinitions:316 - Loading XML bean definitions from class path resource [ice-db-scan.xml]
05-15 00:46:24  INFO org.springframework.beans.factory.xml.XmlBeanDefinitionReader:loadBeanDefinitions:316 - Loading XML bean definitions from class path resource [net/lw/ice/person/person-scan-hibernate.xml]
05-15 00:46:24  INFO org.springframework.beans.factory.xml.XmlBeanDefinitionReader:loadBeanDefinitions:316 - Loading XML bean definitions from class path resource [net/lw/ice/domain/ice-domain.xml]
05-15 00:46:24  INFO org.springframework.beans.factory.xml.XmlBeanDefinitionReader:loadBeanDefinitions:316 - Loading XML bean definitions from class path resource [init-data.xml]
05-15 00:46:24  INFO org.springframework.beans.factory.annotation.AutowiredAnnotationBeanPostProcessor:<init>:141 - JSR-330 'javax.inject.Inject' annotation found and supported for autowiring
05-15 00:46:24  INFO org.hibernate.annotations.common.Version:<clinit>:37 - HCANN000001: Hibernate Commons Annotations {4.0.1.Final}
05-15 00:46:24  INFO org.hibernate.Version:logVersion:41 - HHH000412: Hibernate Core {4.1.9.Final}
05-15 00:46:24  INFO org.hibernate.cfg.Environment:<clinit>:239 - HHH000206: hibernate.properties not found
05-15 00:46:24  INFO org.hibernate.cfg.Environment:buildBytecodeProvider:342 - HHH000021: Bytecode provider name : javassist
05-15 00:46:25  INFO org.hibernate.dialect.Dialect:<init>:123 - HHH000400: Using dialect: org.hibernate.dialect.MySQLDialect
05-15 00:46:25  INFO org.hibernate.engine.jdbc.internal.LobCreatorBuilder:useContextualLobCreation:94 - HHH000423: Disabling contextual LOB creation as JDBC driver reported JDBC version [3] less than 4
05-15 00:46:25  INFO org.hibernate.engine.transaction.internal.TransactionFactoryInitiator:initiateService:68 - HHH000399: Using default transaction strategy (direct JDBC transactions)
05-15 00:46:25  INFO org.hibernate.hql.internal.ast.ASTQueryTranslatorFactory:<init>:48 - HHH000397: Using ASTQueryTranslatorFactory
05-15 00:46:25  INFO org.hibernate.tool.hbm2ddl.SchemaExport:execute:343 - HHH000227: Running hbm2ddl schema export
05-15 00:46:27  INFO org.hibernate.tool.hbm2ddl.SchemaExport:execute:405 - HHH000230: Schema export complete
05-15 00:46:27  INFO org.springframework.orm.hibernate4.HibernateTransactionManager:afterPropertiesSet:341 - Using DataSource [org.apache.commons.dbcp.BasicDataSource@7fe8ac] of Hibernate SessionFactory for HibernateTransactionManager
05-15 00:46:28  INFO org.springframework.web.context.ContextLoader:initWebApplicationContext:325 - Root WebApplicationContext: initialization completed in 4136 ms
05-15 00:46:28  INFO org.springframework.web.servlet.DispatcherServlet:initServletBean:479 - FrameworkServlet 'springmvc': initialization started
05-15 00:46:28  INFO org.springframework.web.context.support.XmlWebApplicationContext:prepareRefresh:513 - Refreshing WebApplicationContext for namespace 'springmvc-servlet': startup date [Fri May 15 00:46:28 CST 2015]; parent: Root WebApplicationContext
05-15 00:46:28  INFO org.springframework.beans.factory.xml.XmlBeanDefinitionReader:loadBeanDefinitions:316 - Loading XML bean definitions from ServletContext resource [/WEB-INF/springmvc-servlet.xml]
05-15 00:46:28  INFO org.springframework.beans.factory.annotation.AutowiredAnnotationBeanPostProcessor:<init>:141 - JSR-330 'javax.inject.Inject' annotation found and supported for autowiring
05-15 00:46:28  INFO org.springframework.web.servlet.mvc.annotation.DefaultAnnotationHandlerMapping:registerHandler:315 - Mapped URL path [/login/check] onto handler 'loginController'
05-15 00:46:28  INFO org.springframework.web.servlet.mvc.annotation.DefaultAnnotationHandlerMapping:registerHandler:315 - Mapped URL path [/login/check.*] onto handler 'loginController'
05-15 00:46:28  INFO org.springframework.web.servlet.mvc.annotation.DefaultAnnotationHandlerMapping:registerHandler:315 - Mapped URL path [/login/check/] onto handler 'loginController'
05-15 00:46:28  INFO org.springframework.web.servlet.mvc.annotation.DefaultAnnotationHandlerMapping:registerHandler:315 - Mapped URL path [/login] onto handler 'loginController'
05-15 00:46:28  INFO org.springframework.web.servlet.mvc.annotation.DefaultAnnotationHandlerMapping:registerHandler:315 - Mapped URL path [/login.*] onto handler 'loginController'
05-15 00:46:28  INFO org.springframework.web.servlet.mvc.annotation.DefaultAnnotationHandlerMapping:registerHandler:315 - Mapped URL path [/login/] onto handler 'loginController'
05-15 00:46:28  INFO org.springframework.web.servlet.mvc.annotation.DefaultAnnotationHandlerMapping:registerHandler:315 - Mapped URL path [/logout] onto handler 'logoutController'
05-15 00:46:28  INFO org.springframework.web.servlet.mvc.annotation.DefaultAnnotationHandlerMapping:registerHandler:315 - Mapped URL path [/logout.*] onto handler 'logoutController'
05-15 00:46:28  INFO org.springframework.web.servlet.mvc.annotation.DefaultAnnotationHandlerMapping:registerHandler:315 - Mapped URL path [/logout/] onto handler 'logoutController'
05-15 00:46:28  INFO org.springframework.web.servlet.mvc.annotation.DefaultAnnotationHandlerMapping:registerHandler:315 - Mapped URL path [/org/{id}] onto handler 'orgController'
05-15 00:46:28  INFO org.springframework.web.servlet.mvc.annotation.DefaultAnnotationHandlerMapping:registerHandler:315 - Mapped URL path [/org/{id}.*] onto handler 'orgController'
05-15 00:46:28  INFO org.springframework.web.servlet.mvc.annotation.DefaultAnnotationHandlerMapping:registerHandler:315 - Mapped URL path [/org/{id}/] onto handler 'orgController'
05-15 00:46:28  INFO org.springframework.web.servlet.mvc.annotation.DefaultAnnotationHandlerMapping:registerHandler:315 - Mapped URL path [/org/orgTree] onto handler 'orgController'
05-15 00:46:28  INFO org.springframework.web.servlet.mvc.annotation.DefaultAnnotationHandlerMapping:registerHandler:315 - Mapped URL path [/org/orgTree.*] onto handler 'orgController'
05-15 00:46:28  INFO org.springframework.web.servlet.mvc.annotation.DefaultAnnotationHandlerMapping:registerHandler:315 - Mapped URL path [/org/orgTree/] onto handler 'orgController'
05-15 00:46:28  INFO org.springframework.web.servlet.mvc.annotation.DefaultAnnotationHandlerMapping:registerHandler:315 - Mapped URL path [/org] onto handler 'orgController'
05-15 00:46:28  INFO org.springframework.web.servlet.mvc.annotation.DefaultAnnotationHandlerMapping:registerHandler:315 - Mapped URL path [/org.*] onto handler 'orgController'
05-15 00:46:28  INFO org.springframework.web.servlet.mvc.annotation.DefaultAnnotationHandlerMapping:registerHandler:315 - Mapped URL path [/org/] onto handler 'orgController'
05-15 00:46:28  INFO org.springframework.web.servlet.mvc.annotation.DefaultAnnotationHandlerMapping:registerHandler:315 - Mapped URL path [/person] onto handler 'personController'
05-15 00:46:28  INFO org.springframework.web.servlet.mvc.annotation.DefaultAnnotationHandlerMapping:registerHandler:315 - Mapped URL path [/person.*] onto handler 'personController'
05-15 00:46:28  INFO org.springframework.web.servlet.mvc.annotation.DefaultAnnotationHandlerMapping:registerHandler:315 - Mapped URL path [/person/] onto handler 'personController'
05-15 00:46:28  INFO org.springframework.web.servlet.mvc.annotation.DefaultAnnotationHandlerMapping:registerHandler:315 - Mapped URL path [/user/{id}] onto handler 'userController'
05-15 00:46:28  INFO org.springframework.web.servlet.mvc.annotation.DefaultAnnotationHandlerMapping:registerHandler:315 - Mapped URL path [/user/{id}.*] onto handler 'userController'
05-15 00:46:28  INFO org.springframework.web.servlet.mvc.annotation.DefaultAnnotationHandlerMapping:registerHandler:315 - Mapped URL path [/user/{id}/] onto handler 'userController'
05-15 00:46:28  INFO org.springframework.web.servlet.mvc.annotation.DefaultAnnotationHandlerMapping:registerHandler:315 - Mapped URL path [/user] onto handler 'userController'
05-15 00:46:28  INFO org.springframework.web.servlet.mvc.annotation.DefaultAnnotationHandlerMapping:registerHandler:315 - Mapped URL path [/user.*] onto handler 'userController'
05-15 00:46:28  INFO org.springframework.web.servlet.mvc.annotation.DefaultAnnotationHandlerMapping:registerHandler:315 - Mapped URL path [/user/] onto handler 'userController'
05-15 00:46:28  INFO org.springframework.web.servlet.DispatcherServlet:initServletBean:498 - FrameworkServlet 'springmvc': initialization completed in 143 ms
05-15 00:46:30  WARN org.hibernate.hql.internal.ast.HqlSqlWalker:generatePositionalParameter:929 - [DEPRECATION] Encountered positional parameter near line 1, column 55.  Positional parameter are considered deprecated; use named parameters or JPA-style positional parameters instead.
05-15 00:46:30  WARN org.hibernate.hql.internal.ast.HqlSqlWalker:generatePositionalParameter:929 - [DEPRECATION] Encountered positional parameter near line 1, column 64.  Positional parameter are considered deprecated; use named parameters or JPA-style positional parameters instead.
05-15 00:46:48  WARN org.hibernate.hql.internal.ast.HqlSqlWalker:generatePositionalParameter:929 - [DEPRECATION] Encountered positional parameter near line 1, column 83.  Positional parameter are considered deprecated; use named parameters or JPA-style positional parameters instead.
05-15 00:46:48  WARN org.hibernate.hql.internal.ast.HqlSqlWalker:generatePositionalParameter:929 - [DEPRECATION] Encountered positional parameter near line 1, column 75.  Positional parameter are considered deprecated; use named parameters or JPA-style positional parameters instead.
05-15 00:49:37  INFO org.springframework.web.context.support.XmlWebApplicationContext:doClose:873 - Closing WebApplicationContext for namespace 'springmvc-servlet': startup date [Fri May 15 00:46:28 CST 2015]; parent: Root WebApplicationContext
05-15 00:49:37  INFO org.springframework.web.context.support.XmlWebApplicationContext:doClose:873 - Closing Root WebApplicationContext: startup date [Fri May 15 00:46:23 CST 2015]; root of context hierarchy
